<?xml version="1.0" encoding="UTF-8"?>
<Site BuildName="Win32-MSBuild"
	BuildStamp="20251108-0222-Experimental"
	Name="Nemesis"
	Generator="ctest-3.31.6-msvc6"
	CompilerName="C:/Program Files (x86)/Microsoft Visual Studio/2022/BuildTools/VC/Tools/MSVC/14.44.35207/bin/Hostx86/x64/cl.exe"
	CompilerVersion="19.44.35215.0"
	OSName="Windows"
	Hostname="Nemesis"
	OSRelease=" Personal"
	OSVersion=" (Build 26100)"
	OSPlatform="x86"
	Is64Bits="1"
	VendorString="GenuineIntel"
	VendorID="Intel Corporation"
	FamilyID="6"
	ModelID="10"
	ModelName=""
	ProcessorCacheSize="-1"
	NumberOfLogicalCPU="16"
	NumberOfPhysicalCPU="12"
	TotalVirtualMemory="22252"
	TotalPhysicalMemory="16108"
	LogicalProcessorsPerPhysical="1"
	ProcessorClockFrequency="2496"
	>
	<Testing>
		<StartDateTime>Nov 07 19:38 Pacific Standard Time</StartDateTime>
		<StartTestTime>1762573137</StartTestTime>
		<TestList/>
		<EndDateTime>Nov 07 19:38 Pacific Standard Time</EndDateTime>
		<EndTestTime>1762573137</EndTestTime>
		<ElapsedMinutes>0</ElapsedMinutes>
	</Testing>
</Site>
